------------------------------------------------------------------------------------------------------------------------

[2020-04-14 19:28:38 #1 store] 
Database 'E:\PROGRAMADOR WEB\2º CURSO DAM\AED\UT_05\PRACTICAS\objectDB3\OBJECTDB_mantenimiento\BASE_DATOS\cliente.odb' is opened by 15484@LAPTOP-U5IALBPQ

[2020-04-14 19:28:38 #2 type] 
Type objectdb_mantenimiento.Cliente is not enhanced.

------------------------------------------------------------------------------------------------------------------------

[2020-04-14 19:40:42 #1 store] 
Database 'E:\PROGRAMADOR WEB\2º CURSO DAM\AED\UT_05\PRACTICAS\OBJECTDB_ANGEL_00\BASE_DATOS\cliente.odb' is opened by 6808@LAPTOP-U5IALBPQ

[2020-04-14 19:40:42 #2 type] 
Type objectdb_mantenimiento.Cliente is not enhanced.

------------------------------------------------------------------------------------------------------------------------

[2020-04-14 19:46:57 #1 store] 
Database 'E:\PROGRAMADOR WEB\2º CURSO DAM\AED\UT_05\PRACTICAS\OBJECTDB_ANGEL_00\BASE_DATOS\cliente.odb' has been recovered (tr. 13-13)

[2020-04-14 19:46:57 #2 store] 
Database 'E:\PROGRAMADOR WEB\2º CURSO DAM\AED\UT_05\PRACTICAS\OBJECTDB_ANGEL_00\BASE_DATOS\cliente.odb' is opened by 9992@LAPTOP-U5IALBPQ

[2020-04-14 19:46:57 #3 type] 
Type objectdb_mantenimiento.Cliente is not enhanced.

------------------------------------------------------------------------------------------------------------------------

[2020-04-14 19:57:07 #1 store] 
Database 'E:\PROGRAMADOR WEB\2º CURSO DAM\AED\UT_05\PRACTICAS\OBJECTDB_ANGEL_00\BASE_DATOS\cliente.odb' has been recovered (tr. 14-20)

[2020-04-14 19:57:07 #2 store] 
Database 'E:\PROGRAMADOR WEB\2º CURSO DAM\AED\UT_05\PRACTICAS\OBJECTDB_ANGEL_00\BASE_DATOS\cliente.odb' is opened by 10644@LAPTOP-U5IALBPQ

[2020-04-14 19:57:07 #3 type] 
Type objectdb_mantenimiento.Cliente is not enhanced.

------------------------------------------------------------------------------------------------------------------------

[2020-04-14 19:59:04 #1 store] 
Database 'E:\PROGRAMADOR WEB\2º CURSO DAM\AED\UT_05\PRACTICAS\OBJECTDB_ANGEL_00\BASE_DATOS\cliente.odb' is opened by 7980@LAPTOP-U5IALBPQ

[2020-04-14 19:59:04 #2 type] 
Type objectdb_mantenimiento.Cliente is not enhanced.

------------------------------------------------------------------------------------------------------------------------

[2020-04-14 19:59:38 #1 store] 
Database 'E:\PROGRAMADOR WEB\2º CURSO DAM\AED\UT_05\PRACTICAS\OBJECTDB_ANGEL_00\BASE_DATOS\cliente.odb' is opened by 19436@LAPTOP-U5IALBPQ

[2020-04-14 19:59:38 #2 type] 
Type objectdb_mantenimiento.Cliente is not enhanced.

------------------------------------------------------------------------------------------------------------------------

[2020-04-14 20:00:10 #1 store] 
Database 'E:\PROGRAMADOR WEB\2º CURSO DAM\AED\UT_05\PRACTICAS\OBJECTDB_ANGEL_00\BASE_DATOS\cliente.odb' is opened by 6912@LAPTOP-U5IALBPQ

[2020-04-14 20:00:10 #2 type] 
Type objectdb_mantenimiento.Cliente is not enhanced.

------------------------------------------------------------------------------------------------------------------------

[2020-04-14 20:00:33 #1 store] 
Database 'E:\PROGRAMADOR WEB\2º CURSO DAM\AED\UT_05\PRACTICAS\OBJECTDB_ANGEL_00\BASE_DATOS\cliente.odb' is opened by 3136@LAPTOP-U5IALBPQ

[2020-04-14 20:00:33 #2 type] 
Type objectdb_mantenimiento.Cliente is not enhanced.

------------------------------------------------------------------------------------------------------------------------

[2020-04-14 20:02:17 #1 store] 
Database 'E:\PROGRAMADOR WEB\2º CURSO DAM\AED\UT_05\PRACTICAS\OBJECTDB_ANGEL_00\BASE_DATOS\cliente.odb' has been recovered (tr. 21-21)

[2020-04-14 20:02:17 #2 store] 
Database 'E:\PROGRAMADOR WEB\2º CURSO DAM\AED\UT_05\PRACTICAS\OBJECTDB_ANGEL_00\BASE_DATOS\cliente.odb' is opened by 1224@LAPTOP-U5IALBPQ

[2020-04-14 20:02:17 #3 type] 
Type objectdb_mantenimiento.Cliente is not enhanced.

[2020-04-14 20:03:54 #4 store] 
Database 'E:\PROGRAMADOR WEB\2º CURSO DAM\AED\UT_05\PRACTICAS\OBJECTDB_ANGEL_00\BASE_DATOS\cliente.odb' is closed by 1224@LAPTOP-U5IALBPQ

------------------------------------------------------------------------------------------------------------------------

[2020-04-14 20:27:16 #1 store] 
Database 'E:\PROGRAMADOR WEB\2º CURSO DAM\AED\UT_05\PRACTICAS\OBJECTDB_ANGEL_00\BASE_DATOS\cliente.odb' is opened by 18120@LAPTOP-U5IALBPQ

[2020-04-14 20:27:16 #2 type] 
Type objectdb_mantenimiento.Cliente is not enhanced.

[2020-04-14 20:38:06 #3 store] 
Database 'E:\PROGRAMADOR WEB\2º CURSO DAM\AED\UT_05\PRACTICAS\OBJECTDB_ANGEL_00\BASE_DATOS\cliente.odb' is closed by 18120@LAPTOP-U5IALBPQ

