------------------------------------------------------------------------------------------------------------------------

[2020-04-22 01:56:29 #1 store] 
Database 'E:\PROGRAMADOR WEB\2º CURSO DAM\AED\UT_05\PRACTICAS\OBJECTDB_ANGEL_01\BASE_DATOS\cliente.odb' is opened by 19404@LAPTOP-U5IALBPQ

[2020-04-22 01:56:29 #2 type] 
Type objectdb_mantenimiento.Cliente is not enhanced.

------------------------------------------------------------------------------------------------------------------------

[2020-04-22 01:58:40 #1 store] 
Database 'E:\PROGRAMADOR WEB\2º CURSO DAM\AED\UT_05\PRACTICAS\OBJECTDB_ANGEL_01\BASE_DATOS\cliente.odb' is opened by 16300@LAPTOP-U5IALBPQ

[2020-04-22 01:58:40 #2 type] 
Type objectdb_mantenimiento.Cliente is not enhanced.

[2020-04-22 01:58:40 #3 type] 
Type objectdb_mantenimiento.InformeDeErrores is not enhanced.

------------------------------------------------------------------------------------------------------------------------

[2020-04-22 01:59:32 #1 store] 
Database 'E:\PROGRAMADOR WEB\2º CURSO DAM\AED\UT_05\PRACTICAS\OBJECTDB_ANGEL_01\BASE_DATOS\cliente.odb' has been recovered (tr. 65-65)

[2020-04-22 01:59:32 #2 store] 
Database 'E:\PROGRAMADOR WEB\2º CURSO DAM\AED\UT_05\PRACTICAS\OBJECTDB_ANGEL_01\BASE_DATOS\cliente.odb' is opened by 18180@LAPTOP-U5IALBPQ

[2020-04-22 01:59:32 #3 type] 
Type objectdb_mantenimiento.Cliente is not enhanced.

[2020-04-22 01:59:32 #4 type] 
Type objectdb_mantenimiento.InformeDeErrores is not enhanced.

[2020-04-22 02:01:19 #5 store] 
Database 'E:\PROGRAMADOR WEB\2º CURSO DAM\AED\UT_05\PRACTICAS\OBJECTDB_ANGEL_01\BASE_DATOS\cliente.odb' is closed by 18180@LAPTOP-U5IALBPQ

------------------------------------------------------------------------------------------------------------------------

[2020-04-22 02:29:40 #1 store] 
Database 'E:\PROGRAMADOR WEB\2º CURSO DAM\AED\UT_05\PRACTICAS\OBJECTDB_ANGEL_01\BASE_DATOS\cliente.odb' is opened by 17720@LAPTOP-U5IALBPQ

[2020-04-22 02:29:40 #2 type] 
Type objectdb_mantenimiento.Cliente is not enhanced.

[2020-04-22 02:29:40 #3 type] 
Type objectdb_mantenimiento.InformeDeErrores is not enhanced.

------------------------------------------------------------------------------------------------------------------------

[2020-04-22 02:32:39 #1 store] 
Database 'E:\PROGRAMADOR WEB\2º CURSO DAM\AED\UT_05\PRACTICAS\OBJECTDB_ANGEL_01\BASE_DATOS\cliente.odb' has been recovered (tr. 69-70)

[2020-04-22 02:32:39 #2 store] 
Database 'E:\PROGRAMADOR WEB\2º CURSO DAM\AED\UT_05\PRACTICAS\OBJECTDB_ANGEL_01\BASE_DATOS\cliente.odb' is opened by 15272@LAPTOP-U5IALBPQ

[2020-04-22 02:32:39 #3 type] 
Type objectdb_mantenimiento.Cliente is not enhanced.

[2020-04-22 02:32:39 #4 type] 
Type objectdb_mantenimiento.InformeDeErrores is not enhanced.

------------------------------------------------------------------------------------------------------------------------

[2020-04-22 02:36:50 #1 store] 
Database 'E:\PROGRAMADOR WEB\2º CURSO DAM\AED\UT_05\PRACTICAS\OBJECTDB_ANGEL_01\BASE_DATOS\cliente.odb' is opened by 1124@LAPTOP-U5IALBPQ

[2020-04-22 02:36:51 #2 type] 
Type objectdb_mantenimiento.Cliente is not enhanced.

[2020-04-22 02:36:51 #3 type] 
Type objectdb_mantenimiento.InformeDeErrores is not enhanced.

------------------------------------------------------------------------------------------------------------------------

[2020-04-22 02:42:20 #1 store] 
Database 'E:\PROGRAMADOR WEB\2º CURSO DAM\AED\UT_05\PRACTICAS\OBJECTDB_ANGEL_01\BASE_DATOS\cliente.odb' is opened by 1720@LAPTOP-U5IALBPQ

[2020-04-22 02:42:20 #2 type] 
Type objectdb_mantenimiento.Cliente is not enhanced.

[2020-04-22 02:42:20 #3 type] 
Type objectdb_mantenimiento.InformeDeErrores is not enhanced.

------------------------------------------------------------------------------------------------------------------------

[2020-04-22 02:45:16 #1 store] 
Database 'E:\PROGRAMADOR WEB\2º CURSO DAM\AED\UT_05\PRACTICAS\OBJECTDB_ANGEL_01\BASE_DATOS\cliente.odb' is opened by 17372@LAPTOP-U5IALBPQ

[2020-04-22 02:45:16 #2 type] 
Type objectdb_mantenimiento.Cliente is not enhanced.

[2020-04-22 02:45:16 #3 type] 
Type objectdb_mantenimiento.InformeDeErrores is not enhanced.

------------------------------------------------------------------------------------------------------------------------

[2020-04-22 02:45:44 #1 store] 
Database 'E:\PROGRAMADOR WEB\2º CURSO DAM\AED\UT_05\PRACTICAS\OBJECTDB_ANGEL_01\BASE_DATOS\cliente.odb' is opened by 15512@LAPTOP-U5IALBPQ

[2020-04-22 02:45:44 #2 type] 
Type objectdb_mantenimiento.Cliente is not enhanced.

[2020-04-22 02:45:44 #3 type] 
Type objectdb_mantenimiento.InformeDeErrores is not enhanced.

------------------------------------------------------------------------------------------------------------------------

[2020-04-22 02:48:24 #1 store] 
Database 'E:\PROGRAMADOR WEB\2º CURSO DAM\AED\UT_05\PRACTICAS\OBJECTDB_ANGEL_01\BASE_DATOS\cliente.odb' is opened by 14236@LAPTOP-U5IALBPQ

[2020-04-22 02:48:24 #2 type] 
Type objectdb_mantenimiento.Cliente is not enhanced.

[2020-04-22 02:48:24 #3 type] 
Type objectdb_mantenimiento.InformeDeErrores is not enhanced.

------------------------------------------------------------------------------------------------------------------------

[2020-04-22 02:57:40 #1 store] 
Database 'E:\PROGRAMADOR WEB\2º CURSO DAM\AED\UT_05\PRACTICAS\OBJECTDB_ANGEL_01\BASE_DATOS\cliente.odb' is opened by 10808@LAPTOP-U5IALBPQ

[2020-04-22 02:57:40 #2 type] 
Type objectdb_mantenimiento.Cliente is not enhanced.

[2020-04-22 02:57:40 #3 type] 
Type objectdb_mantenimiento.InformeDeErrores is not enhanced.

------------------------------------------------------------------------------------------------------------------------

[2020-04-22 03:03:27 #1 store] 
Database 'E:\PROGRAMADOR WEB\2º CURSO DAM\AED\UT_05\PRACTICAS\OBJECTDB_ANGEL_01\BASE_DATOS\cliente.odb' is opened by 11832@LAPTOP-U5IALBPQ

[2020-04-22 03:03:28 #2 type] 
Type objectdb_mantenimiento.Cliente is not enhanced.

[2020-04-22 03:03:28 #3 type] 
Type objectdb_mantenimiento.InformeDeErrores is not enhanced.

[2020-04-22 03:09:38 #4 store] 
Database 'E:\PROGRAMADOR WEB\2º CURSO DAM\AED\UT_05\PRACTICAS\OBJECTDB_ANGEL_01\BASE_DATOS\cliente.odb' is closed by 11832@LAPTOP-U5IALBPQ

------------------------------------------------------------------------------------------------------------------------

[2020-04-22 12:31:14 #1 store] 
Database 'E:\PROGRAMADOR WEB\2º CURSO DAM\AED\UT_05\PRACTICAS\OBJECTDB_ANGEL_01\BASE_DATOS\cliente.odb' is opened by 15408@LAPTOP-U5IALBPQ

[2020-04-22 12:31:14 #2 type] 
Type objectdb_mantenimiento.Cliente is not enhanced.

[2020-04-22 12:31:14 #3 type] 
Type objectdb_mantenimiento.InformeDeErrores is not enhanced.

------------------------------------------------------------------------------------------------------------------------

[2020-04-22 12:44:03 #1 store] 
Database 'E:\PROGRAMADOR WEB\2º CURSO DAM\AED\UT_05\PRACTICAS\OBJECTDB_ANGEL_01\BASE_DATOS\cliente.odb' has been recovered (tr. 82-82)

[2020-04-22 12:44:03 #2 store] 
Database 'E:\PROGRAMADOR WEB\2º CURSO DAM\AED\UT_05\PRACTICAS\OBJECTDB_ANGEL_01\BASE_DATOS\cliente.odb' is opened by 4472@LAPTOP-U5IALBPQ

[2020-04-22 12:44:03 #3 type] 
Type objectdb_mantenimiento.Cliente is not enhanced.

[2020-04-22 12:44:03 #4 type] 
Type objectdb_mantenimiento.InformeDeErrores is not enhanced.

